[debug] [2024-07-19T20:05:33.281Z] ----------------------------------------------------------------------
[debug] [2024-07-19T20:05:33.286Z] Command:       /nix/store/aspnwxp3q1wvg8jd1zg0295zmhr3lkb3-nodejs-18.19.1/bin/node /nix/store/pf4ama10fsjb161xrxgsyqi21qm10wc6-firebase-tools-13.13.1/lib/node_modules/firebase-tools/lib/bin/firebase.js init hosting
[debug] [2024-07-19T20:05:33.286Z] CLI Version:   13.13.1
[debug] [2024-07-19T20:05:33.287Z] Platform:      linux
[debug] [2024-07-19T20:05:33.287Z] Node Version:  v18.19.1
[debug] [2024-07-19T20:05:33.288Z] Time:          Fri Jul 19 2024 20:05:33 GMT+0000 (Coordinated Universal Time)
[debug] [2024-07-19T20:05:33.288Z] ----------------------------------------------------------------------
[debug] 
[debug] [2024-07-19T20:05:33.297Z] > command requires scopes: ["email","openid","https://www.googleapis.com/auth/cloudplatformprojects.readonly","https://www.googleapis.com/auth/firebase","https://www.googleapis.com/auth/cloud-platform"]
[debug] [2024-07-19T20:05:33.298Z] > authorizing via signed-in user (baruchalan3@gmail.com)
[info] 
     ######## #### ########  ######## ########     ###     ######  ########
     ##        ##  ##     ## ##       ##     ##  ##   ##  ##       ##
     ######    ##  ########  ######   ########  #########  ######  ######
     ##        ##  ##    ##  ##       ##     ## ##     ##       ## ##
     ##       #### ##     ## ######## ########  ##     ##  ######  ########

You're about to initialize a Firebase project in this directory:

  /home/user/baruch-porfolio

[info] 
=== Project Setup
[info] 
[info] First, let's associate this project directory with a Firebase project.
[info] You can create multiple project aliases by running firebase use --add, 
[info] but for now we'll just set up a default project.
[info] 
[debug] [2024-07-19T20:05:48.169Z] >>> [apiv2][query] GET https://firebase.googleapis.com/v1beta1/projects pageSize=100
[debug] [2024-07-19T20:05:48.521Z] <<< [apiv2][status] GET https://firebase.googleapis.com/v1beta1/projects 200
[debug] [2024-07-19T20:05:48.522Z] <<< [apiv2][body] GET https://firebase.googleapis.com/v1beta1/projects [omitted]
[info] i  Using project baruch-portfolio (baruch-portfolio) 
[info] 
=== Hosting Setup
[debug] [2024-07-19T20:05:53.365Z] >>> [apiv2][query] GET https://firebase.googleapis.com/v1beta1/projects/baruch-portfolio [none]
[debug] [2024-07-19T20:05:53.639Z] <<< [apiv2][status] GET https://firebase.googleapis.com/v1beta1/projects/baruch-portfolio 200
[debug] [2024-07-19T20:05:53.641Z] <<< [apiv2][body] GET https://firebase.googleapis.com/v1beta1/projects/baruch-portfolio {"projectId":"baruch-portfolio","projectNumber":"760826361701","displayName":"baruch-portfolio","name":"projects/baruch-portfolio","resources":{"hostingSite":"baruch-portfolio"},"state":"ACTIVE","etag":"1_22f2ef6e-5fc1-4786-9631-38d0a84e4879"}
[debug] [2024-07-19T20:05:56.574Z] SyntaxError: Unexpected token 'with'
    at ModuleLoader.moduleStrategy (node:internal/modules/esm/translators:152:18)
    at ModuleLoader.moduleProvider (node:internal/modules/esm/loader:298:14)
[error] 
[error] Error: An unexpected error has occurred.
